[2024-06-23T15:50:48.170] [INFO] default - Server is running on port 8080
[2024-06-23T15:50:50.742] [DEBUG] default - Request received: GET /
[2024-06-23T15:50:50.742] [INFO] default - Handling / endpoint
[2024-06-23T15:51:16.789] [INFO] default - Server is running on port 8080
[2024-06-23T15:51:18.011] [INFO] default - Server is running on port 8080
[2024-06-23T15:51:22.226] [INFO] default - Server is running on port 8080
[2024-06-23T15:51:24.034] [INFO] default - Server is running on port 8080
[2024-06-23T15:51:27.933] [DEBUG] default - Request received: GET /
[2024-06-23T15:51:27.934] [INFO] default - Handling / endpoint
[2024-06-23T15:51:58.327] [INFO] default - Server is running on port 8080
[2024-06-23T15:52:39.980] [INFO] default - Server is running on port undefined
[2024-06-23T15:52:42.240] [INFO] default - Server is running on port 8080
[2024-06-23T15:52:46.462] [INFO] default - Server is running on port 8080
[2024-06-23T15:53:02.122] [INFO] default - Server is running on port http://localhost:8080
[2024-06-23T15:54:32.702] [INFO] default - Server is running on port http://localhost:8080
[2024-06-23T16:16:53.008] [INFO] default - Server is running on port http://localhost:8080
[2024-06-23T16:17:02.930] [INFO] default - Server is running on port http://localhost:8080
[2024-06-23T16:21:20.592] [INFO] default - Server is running on port http://localhost:8080
[2024-06-23T16:21:47.548] [INFO] default - Server is running on port http://localhost:8080
[2024-06-23T16:21:50.603] [INFO] default - Server is running on port http://localhost:8080
[2024-06-23T16:21:52.735] [INFO] default - Server is running on port http://localhost:8080
[2024-06-23T16:22:01.618] [INFO] default - Server is running on port http://localhost:8080
[2024-06-23T16:22:15.802] [INFO] default - Server is running on port http://localhost:8080
[2024-06-23T16:22:25.430] [INFO] default - Server is running on port http://localhost:8080
[2024-06-23T16:22:34.808] [INFO] default - Server is running on port http://localhost:8080
[2024-06-23T16:23:04.789] [INFO] default - Server is running on port http://localhost:8080
[2024-06-23T16:23:33.531] [INFO] default - Server is running on port http://localhost:8080
[2024-06-23T16:23:40.661] [INFO] default - Server is running on port http://localhost:8080
[2024-06-23T16:23:48.265] [INFO] default - Server is running on port http://localhost:8080
[2024-06-23T16:24:03.554] [INFO] default - Server is running on port http://localhost:8080
[2024-06-23T16:24:06.833] [INFO] default - Server is running on port http://localhost:8080
[2024-06-23T16:24:38.098] [INFO] default - Server is running on port http://localhost:8080
[2024-06-23T16:24:55.677] [INFO] default - Server is running on port http://localhost:8080
[2024-06-23T16:28:25.493] [INFO] default - Server is running on port http://localhost:8080
[2024-06-23T16:28:29.959] [INFO] default - Server is running on port http://localhost:8080
[2024-06-23T16:28:51.918] [INFO] default - Server is running on port http://localhost:8080
[2024-06-23T16:29:20.924] [INFO] default - Server is running on port http://localhost:8080
[2024-06-23T16:29:27.266] [INFO] default - Server is running on port http://localhost:8080
[2024-06-23T16:29:34.744] [INFO] default - Server is running on port http://localhost:8080
[2024-06-23T16:29:41.071] [INFO] default - Server is running on port http://localhost:8080
[2024-06-23T16:30:12.428] [INFO] default - Server is running on port http://localhost:8080
[2024-06-23T16:30:33.653] [INFO] default - Server is running on port http://localhost:8080
[2024-06-23T16:31:54.539] [INFO] default - Server is running on port http://localhost:8080
[2024-06-23T16:34:17.740] [INFO] default - Server is running on port http://localhost:8080
[2024-06-23T16:34:39.749] [INFO] default - Server is running on port http://localhost:8080
[2024-06-23T16:44:18.526] [INFO] default - Server is running on port http://localhost:8080
[2024-06-23T16:50:11.021] [INFO] default - Server is running on port http://localhost:8080
[2024-06-23T16:51:12.988] [INFO] default - Server is running on port http://localhost:8080
[2024-06-23T16:51:31.069] [INFO] default - Server is running on port http://localhost:8080
[2024-06-23T16:52:46.137] [INFO] default - Server is running on port http://localhost:8080
[2024-06-23T16:52:49.098] [INFO] default - Server is running on port http://localhost:8080
[2024-06-23T16:52:52.396] [INFO] default - Server is running on port http://localhost:8080
[2024-06-23T16:52:56.640] [INFO] default - Server is running on port http://localhost:8080
[2024-06-23T16:53:01.425] [INFO] default - Server is running on port http://localhost:8080
[2024-06-23T16:53:16.666] [INFO] default - Server is running on port http://localhost:8080
[2024-06-23T16:53:33.488] [INFO] default - Server is running on port http://localhost:8080
[2024-06-23T16:53:40.194] [INFO] default - Server is running on port http://localhost:8080
[2024-06-23T16:53:44.589] [INFO] default - Server is running on port http://localhost:8080
[2024-06-23T16:53:48.843] [INFO] default - Server is running on port http://localhost:8080
[2024-06-23T16:53:52.654] [INFO] default - Server is running on port http://localhost:8080
[2024-06-23T16:53:58.693] [INFO] default - Server is running on port http://localhost:8080
[2024-06-23T16:54:12.048] [INFO] default - Server is running on port http://localhost:8080
[2024-06-23T16:54:17.964] [INFO] default - Server is running on port http://localhost:8080
[2024-06-23T16:54:21.288] [INFO] default - Server is running on port http://localhost:8080
[2024-06-23T16:54:43.149] [INFO] default - Server is running on port http://localhost:8080
[2024-06-23T16:54:45.338] [INFO] default - Server is running on port http://localhost:8080
[2024-06-23T17:05:12.849] [INFO] default - Server is running on port http://localhost:8080
[2024-06-23T17:05:47.671] [INFO] default - Server is running on port http://localhost:8080
[2024-06-23T17:06:28.335] [INFO] default - Server is running on port http://localhost:8080
[2024-06-23T17:06:34.987] [INFO] default - Server is running on port http://localhost:8080
[2024-06-23T17:06:40.011] [INFO] default - Server is running on port http://localhost:8080
[2024-06-23T17:06:41.466] [INFO] default - Server is running on port http://localhost:8080
[2024-06-23T17:09:36.748] [INFO] default - Server is running on port http://localhost:8080
[2024-06-23T17:09:38.763] [INFO] default - Server is running on port http://localhost:8080
[2024-06-23T17:09:43.772] [DEBUG] default - Request received: GET /teams/get-all-teams
[2024-06-23T17:23:57.219] [INFO] default - Server is running on port http://localhost:8080
[2024-06-23T17:25:53.118] [INFO] default - Server is running on port http://localhost:8080
[2024-06-23T17:26:28.563] [INFO] default - Server is running on port http://localhost:8080
[2024-06-23T18:31:16.007] [INFO] default - Server is running on port http://localhost:8080
[2024-06-23T18:56:24.243] [INFO] default - Server is running on port http://localhost:8080
[2024-06-23T18:56:29.073] [INFO] default - Server is running on port http://localhost:8080
[2024-06-24T01:25:59.442] [INFO] default - Server is running on port http://localhost:8080
[2024-06-24T01:27:05.769] [INFO] default - Server is running on port http://localhost:8080
[2024-06-24T01:27:07.661] [INFO] default - Server is running on port http://localhost:8080
[2024-06-24T01:27:12.308] [INFO] default - Server is running on port http://localhost:8080
[2024-06-24T01:27:29.248] [INFO] default - Server is running on port http://localhost:8080
[2024-06-24T01:27:33.955] [INFO] default - Server is running on port http://localhost:8080
[2024-06-24T01:27:42.670] [INFO] default - Server is running on port http://localhost:8080
[2024-06-24T01:32:40.092] [INFO] default - Server is running on port http://localhost:8080
[2024-06-24T01:33:11.061] [INFO] default - Server is running on port http://localhost:8080
[2024-06-24T01:33:14.323] [INFO] default - Server is running on port http://localhost:8080
[2024-06-24T01:33:47.640] [INFO] default - Server is running on port http://localhost:8080
[2024-06-24T01:34:16.285] [INFO] default - Server is running on port http://localhost:8080
[2024-06-24T01:34:41.288] [DEBUG] default - Request received: GET /teams/get-all-teams
[2024-06-24T01:55:25.406] [INFO] default - Server is running on port http://localhost:8080
[2024-06-24T01:55:48.945] [INFO] default - Server is running on port http://localhost:8080
[2024-06-24T01:55:51.026] [INFO] default - Server is running on port http://localhost:8080
[2024-06-24T01:55:56.775] [INFO] default - Server is running on port http://localhost:8080
[2024-06-24T01:56:21.538] [INFO] default - Server is running on port http://localhost:8080
[2024-06-24T01:56:29.895] [INFO] default - Server is running on port http://localhost:8080
[2024-06-24T01:56:38.485] [INFO] default - Server is running on port http://localhost:8080
[2024-06-24T01:56:52.208] [INFO] default - Server is running on port http://localhost:8080
[2024-06-24T01:56:55.714] [DEBUG] default - Request received: GET /teams/get-all-teams
[2024-06-24T01:57:13.982] [INFO] default - Server is running on port http://localhost:8080
[2024-06-24T01:57:34.295] [INFO] default - Server is running on port http://localhost:8080
[2024-06-24T01:57:42.350] [INFO] default - Server is running on port http://localhost:8080
[2024-06-24T01:57:51.969] [INFO] default - Server is running on port http://localhost:8080
[2024-06-24T01:58:23.422] [INFO] default - Server is running on port http://localhost:8080
[2024-06-24T01:59:10.758] [INFO] default - Server is running on port http://localhost:8080
[2024-06-24T01:59:15.622] [DEBUG] default - Request received: GET /teams/get-all-teams
[2024-06-24T01:59:21.266] [INFO] default - Server is running on port http://localhost:8080
[2024-06-24T01:59:21.504] [DEBUG] default - Request received: GET /teams/get-all-teams
[2024-06-24T02:07:21.922] [INFO] default - Server is running on port http://localhost:8080
[2024-06-24T02:08:05.575] [INFO] default - Server is running on port http://localhost:8080
[2024-06-24T02:09:45.370] [DEBUG] default - Request received: GET /teams/get-all-teams
[2024-06-24T02:10:09.719] [DEBUG] default - Request received: GET /teams/get-all-teams?page=2&size=15
[2024-06-24T02:13:05.045] [INFO] default - Server is running on port http://localhost:8080
[2024-06-24T02:13:10.733] [INFO] default - Server is running on port http://localhost:8080
[2024-06-24T02:13:12.209] [INFO] default - Server is running on port http://localhost:8080
[2024-06-24T02:13:19.001] [INFO] default - Server is running on port http://localhost:8080
[2024-06-24T02:13:31.148] [INFO] default - Server is running on port http://localhost:8080
[2024-06-24T02:23:06.757] [INFO] default - Server is running on port http://localhost:8080
[2024-06-24T02:23:10.103] [INFO] default - Server is running on port http://localhost:8080
[2024-06-24T02:24:02.505] [INFO] default - Server is running on port http://localhost:8080
[2024-06-24T02:32:15.764] [DEBUG] default - Request received: GET /teams/get-all-teams/?page=undefined&size=undefined
[2024-06-24T02:32:17.040] [DEBUG] default - Request received: GET /teams/get-all-teams/?page=undefined&size=undefined
[2024-06-24T02:32:17.836] [DEBUG] default - Request received: GET /teams/get-all-teams/?page=undefined&size=undefined
[2024-06-24T02:32:31.278] [DEBUG] default - Request received: GET /teams/get-all-teams/?page=1&size=10
[2024-06-24T02:32:38.752] [DEBUG] default - Request received: GET /teams/get-all-teams/?page=1&size=10
[2024-06-24T02:33:02.800] [DEBUG] default - Request received: GET /teams/get-all-teams/?page=1&size=10
[2024-06-24T02:33:18.148] [DEBUG] default - Request received: GET /teams/get-all-teams/?page=1&size=10
[2024-06-24T02:37:11.117] [DEBUG] default - Request received: GET /teams/get-all-teams/?page=1&size=10
[2024-06-24T02:37:18.078] [DEBUG] default - Request received: GET /teams/get-all-teams/?page=1&size=10
[2024-06-24T02:37:20.222] [DEBUG] default - Request received: GET /teams/get-all-teams/?page=1&size=10
[2024-06-24T02:37:20.608] [DEBUG] default - Request received: GET /teams/get-all-teams/?page=1&size=10
[2024-06-24T02:37:35.276] [DEBUG] default - Request received: GET /teams/get-all-teams/?page=1&size=10
[2024-06-24T02:37:35.553] [DEBUG] default - Request received: GET /teams/get-all-teams/?page=1&size=10
[2024-06-24T02:37:42.766] [DEBUG] default - Request received: GET /teams/get-all-teams/?page=1&size=10
[2024-06-24T02:38:00.066] [DEBUG] default - Request received: GET /teams/get-all-teams/?page=1&size=10
[2024-06-24T02:38:01.164] [DEBUG] default - Request received: GET /teams/get-all-teams/?page=1&size=10
[2024-06-24T02:38:05.192] [DEBUG] default - Request received: GET /teams/get-all-teams/?page=1&size=10
[2024-06-24T02:38:17.950] [DEBUG] default - Request received: GET /teams/get-all-teams/?page=1&size=10
[2024-06-24T02:39:11.437] [DEBUG] default - Request received: GET /teams/get-all-teams/?page=1&size=10
[2024-06-24T02:39:14.769] [DEBUG] default - Request received: GET /teams/get-all-teams/?page=1&size=10
[2024-06-24T02:39:15.099] [DEBUG] default - Request received: GET /teams/get-all-teams/?page=1&size=10
[2024-06-24T02:39:20.345] [DEBUG] default - Request received: GET /teams/get-all-teams/?page=1&size=10
[2024-06-24T02:39:27.428] [DEBUG] default - Request received: GET /teams/get-all-teams/?page=1&size=10
[2024-06-24T02:39:27.743] [DEBUG] default - Request received: GET /teams/get-all-teams/?page=1&size=10
[2024-06-24T02:39:41.297] [DEBUG] default - Request received: GET /teams/get-all-teams/?page=1&size=10
[2024-06-24T02:39:41.636] [DEBUG] default - Request received: GET /teams/get-all-teams/?page=1&size=10
[2024-06-24T02:39:54.792] [DEBUG] default - Request received: GET /teams/get-all-teams/?page=1&size=10
[2024-06-24T02:39:55.151] [DEBUG] default - Request received: GET /teams/get-all-teams/?page=1&size=10
[2024-06-24T02:40:06.882] [DEBUG] default - Request received: GET /teams/get-all-teams/?page=1&size=10
[2024-06-24T02:40:10.825] [DEBUG] default - Request received: GET /teams/get-all-teams/?page=1&size=10
[2024-06-24T02:40:11.125] [DEBUG] default - Request received: GET /teams/get-all-teams/?page=1&size=10
[2024-06-24T02:40:17.707] [DEBUG] default - Request received: GET /teams/get-all-teams/?page=1&size=10
[2024-06-24T02:40:24.359] [DEBUG] default - Request received: GET /teams/get-all-teams/?page=1&size=10
[2024-06-24T02:40:47.715] [DEBUG] default - Request received: GET /teams/get-all-teams/?page=1&size=10
[2024-06-24T11:59:31.233] [INFO] default - Server is running on port http://localhost:8080
[2024-06-24T12:00:34.640] [DEBUG] default - Request received: GET /teams/get-all-teams/?page=1&size=10
[2024-06-24T12:00:56.449] [DEBUG] default - Request received: GET /teams/get-all-teams/?page=1&size=10
[2024-06-24T12:01:01.195] [DEBUG] default - Request received: GET /teams/get-all-teams/?page=1&size=10
[2024-06-24T12:01:01.499] [DEBUG] default - Request received: GET /teams/get-all-teams/?page=1&size=10
[2024-06-24T12:01:01.949] [DEBUG] default - Request received: GET /teams/get-all-teams/?page=1&size=10
[2024-06-24T12:01:24.226] [DEBUG] default - Request received: GET /teams/get-all-teams/?page=1&size=10
[2024-06-24T12:01:25.300] [DEBUG] default - Request received: GET /teams/get-all-teams/?page=1&size=10
[2024-06-24T12:01:25.689] [DEBUG] default - Request received: GET /teams/get-all-teams/?page=1&size=10
[2024-06-24T12:01:33.846] [DEBUG] default - Request received: GET /teams/get-all-teams/?page=1&size=10
[2024-06-24T12:02:17.171] [DEBUG] default - Request received: GET /teams/get-all-teams/?page=1&size=10
[2024-06-24T12:02:18.349] [DEBUG] default - Request received: GET /teams/get-all-teams/?page=1&size=10
[2024-06-24T12:02:18.763] [DEBUG] default - Request received: GET /teams/get-all-teams/?page=1&size=10
[2024-06-24T12:02:29.489] [DEBUG] default - Request received: GET /teams/get-all-teams/?page=1&size=10
[2024-06-24T12:03:11.195] [DEBUG] default - Request received: GET /teams/get-all-teams/?page=1&size=10
[2024-06-24T12:03:12.246] [DEBUG] default - Request received: GET /teams/get-all-teams/?page=1&size=10
[2024-06-24T12:03:32.234] [DEBUG] default - Request received: GET /teams/get-all-teams/?page=1&size=10
[2024-06-24T12:03:32.666] [DEBUG] default - Request received: GET /teams/get-all-teams/?page=1&size=10
[2024-06-24T12:04:12.177] [DEBUG] default - Request received: GET /teams/get-all-teams/?page=1&size=10
[2024-06-24T12:04:13.190] [DEBUG] default - Request received: GET /teams/get-all-teams/?page=1&size=10
[2024-06-24T12:04:26.166] [DEBUG] default - Request received: GET /teams/get-all-teams/?page=1&size=10
[2024-06-24T12:04:28.495] [DEBUG] default - Request received: GET /teams/get-all-teams/?page=1&size=10
[2024-06-24T12:04:28.769] [DEBUG] default - Request received: GET /teams/get-all-teams/?page=1&size=10
[2024-06-24T12:05:28.135] [DEBUG] default - Request received: GET /teams/get-all-teams/?page=1&size=10
[2024-06-24T12:05:34.518] [DEBUG] default - Request received: GET /teams/get-all-teams/?page=1&size=10
[2024-06-24T12:06:01.848] [DEBUG] default - Request received: GET /teams/get-all-teams/?page=1&size=10
[2024-06-24T12:06:11.435] [DEBUG] default - Request received: GET /teams/get-all-teams/?page=1&size=10
[2024-06-24T12:12:13.212] [DEBUG] default - Request received: GET /teams/get-all-teams/?page=1&size=10
[2024-06-24T12:12:16.240] [DEBUG] default - Request received: GET /teams/get-all-teams/?page=1&size=10
[2024-06-24T12:12:16.676] [DEBUG] default - Request received: GET /teams/get-all-teams/?page=1&size=10
[2024-06-24T12:12:26.921] [DEBUG] default - Request received: GET /teams/get-all-teams/?page=1&size=10
[2024-06-24T12:12:58.660] [DEBUG] default - Request received: GET /teams/get-all-teams/?page=1&size=10
[2024-06-24T12:12:59.010] [DEBUG] default - Request received: GET /teams/get-all-teams/?page=1&size=10
[2024-06-24T12:19:15.948] [DEBUG] default - Request received: GET /teams/get-all-teams/?page=1&size=10
[2024-06-24T12:24:08.730] [DEBUG] default - Request received: GET /teams/get-all-teams/?page=1&size=10
[2024-06-24T12:26:22.580] [DEBUG] default - Request received: GET /teams/get-all-teams/?page=1&size=10
[2024-06-24T12:26:45.023] [DEBUG] default - Request received: GET /teams/get-all-teams/?page=1&size=10
[2024-06-24T12:28:22.842] [DEBUG] default - Request received: GET /teams/get-all-teams/?page=1&size=10
[2024-06-24T12:29:04.291] [DEBUG] default - Request received: GET /teams/get-all-teams/?page=1&size=10
[2024-06-24T12:29:04.692] [DEBUG] default - Request received: GET /teams/get-all-teams/?page=1&size=10
[2024-06-24T12:29:06.083] [DEBUG] default - Request received: GET /teams/get-all-teams/?page=1&size=10
[2024-06-24T12:29:34.256] [DEBUG] default - Request received: GET /teams/get-all-teams/?page=1&size=10
[2024-06-24T12:37:35.410] [DEBUG] default - Request received: GET /teams/get-all-teams/?page=1&size=10
[2024-06-24T12:37:42.917] [DEBUG] default - Request received: GET /teams/get-all-teams/?page=1&size=10
[2024-06-24T12:37:43.356] [DEBUG] default - Request received: GET /teams/get-all-teams/?page=1&size=10
[2024-06-24T12:37:49.482] [DEBUG] default - Request received: GET /teams/get-all-teams/?page=1&size=10
[2024-06-24T12:37:57.257] [DEBUG] default - Request received: GET /teams/get-all-teams/?page=1&size=10
[2024-06-24T12:39:25.095] [DEBUG] default - Request received: GET /teams/get-all-teams/?page=1&size=10
[2024-06-24T12:42:43.768] [DEBUG] default - Request received: GET /teams/get-all-teams/?page=1&size=10
[2024-06-24T12:42:52.085] [DEBUG] default - Request received: GET /teams/get-all-teams/?page=1&size=10
[2024-06-24T12:42:58.662] [DEBUG] default - Request received: GET /teams/get-all-teams/?page=1&size=10
[2024-06-24T12:43:14.483] [DEBUG] default - Request received: GET /teams/get-all-teams/?page=1&size=10
[2024-06-24T12:43:14.837] [DEBUG] default - Request received: GET /teams/get-all-teams/?page=1&size=10
[2024-06-24T12:43:59.271] [DEBUG] default - Request received: GET /teams/get-all-teams/?page=1&size=10
[2024-06-24T12:44:09.152] [DEBUG] default - Request received: GET /teams/get-all-teams/?page=1&size=10
[2024-06-24T12:44:14.584] [DEBUG] default - Request received: GET /teams/get-all-teams/?page=1&size=10
[2024-06-24T12:44:16.013] [DEBUG] default - Request received: GET /teams/get-all-teams/?page=1&size=10
[2024-06-24T12:44:16.384] [DEBUG] default - Request received: GET /teams/get-all-teams/?page=1&size=10
[2024-06-24T12:44:22.035] [DEBUG] default - Request received: GET /teams/get-all-teams/?page=1&size=10
[2024-06-24T12:44:28.523] [DEBUG] default - Request received: GET /teams/get-all-teams/?page=1&size=10
[2024-06-24T12:44:38.425] [DEBUG] default - Request received: GET /teams/get-all-teams/?page=1&size=10
[2024-06-24T12:45:06.227] [DEBUG] default - Request received: GET /teams/get-all-teams/?page=1&size=10
[2024-06-24T12:45:14.705] [DEBUG] default - Request received: GET /teams/get-all-teams/?page=1&size=10
[2024-06-24T12:45:18.163] [DEBUG] default - Request received: GET /teams/get-all-teams/?page=1&size=10
[2024-06-24T12:45:18.502] [DEBUG] default - Request received: GET /teams/get-all-teams/?page=1&size=10
[2024-06-24T12:45:23.831] [DEBUG] default - Request received: GET /teams/get-all-teams/?page=1&size=10
[2024-06-24T12:47:06.253] [DEBUG] default - Request received: GET /teams/get-all-teams/?page=1&size=10
[2024-06-24T12:47:11.845] [DEBUG] default - Request received: GET /teams/get-all-teams/?page=1&size=10
[2024-06-24T12:47:13.138] [DEBUG] default - Request received: GET /teams/get-all-teams/?page=1&size=10
[2024-06-24T12:47:13.497] [DEBUG] default - Request received: GET /teams/get-all-teams/?page=1&size=10
[2024-06-24T12:47:22.906] [DEBUG] default - Request received: GET /teams/get-all-teams/?page=1&size=10
[2024-06-24T12:47:29.268] [DEBUG] default - Request received: GET /teams/get-all-teams/?page=1&size=10
[2024-06-24T12:47:37.060] [DEBUG] default - Request received: GET /teams/get-all-teams/?page=1&size=10
[2024-06-24T12:47:43.130] [DEBUG] default - Request received: GET /teams/get-all-teams/?page=1&size=10
[2024-06-24T12:47:44.498] [DEBUG] default - Request received: GET /teams/get-all-teams/?page=1&size=10
[2024-06-24T12:47:44.825] [DEBUG] default - Request received: GET /teams/get-all-teams/?page=1&size=10
[2024-06-24T12:47:50.873] [DEBUG] default - Request received: GET /teams/get-all-teams/?page=1&size=10
[2024-06-24T12:50:03.165] [DEBUG] default - Request received: GET /teams/get-all-teams/?page=1&size=10
[2024-06-24T12:50:03.454] [DEBUG] default - Request received: GET /teams/get-all-teams/?page=1&size=10
[2024-06-24T12:50:24.498] [DEBUG] default - Request received: GET /teams/get-all-teams/?page=1&size=10
[2024-06-24T12:50:32.719] [DEBUG] default - Request received: GET /teams/get-all-teams/?page=1&size=10
[2024-06-24T12:50:34.009] [DEBUG] default - Request received: GET /teams/get-all-teams/?page=1&size=10
[2024-06-24T12:50:34.275] [DEBUG] default - Request received: GET /teams/get-all-teams/?page=1&size=10
[2024-06-24T12:50:39.520] [DEBUG] default - Request received: GET /teams/get-all-teams/?page=1&size=10
[2024-06-24T12:50:39.796] [DEBUG] default - Request received: GET /teams/get-all-teams/?page=1&size=10
[2024-06-24T12:50:48.984] [DEBUG] default - Request received: GET /teams/get-all-teams/?page=1&size=10
[2024-06-24T12:51:02.190] [DEBUG] default - Request received: GET /teams/get-all-teams/?page=1&size=10
[2024-06-24T12:51:05.449] [DEBUG] default - Request received: GET /teams/get-all-teams/?page=1&size=10
[2024-06-24T12:51:05.719] [DEBUG] default - Request received: GET /teams/get-all-teams/?page=1&size=10
[2024-06-24T12:51:20.866] [DEBUG] default - Request received: GET /teams/get-all-teams/?page=1&size=10
[2024-06-24T12:51:38.330] [DEBUG] default - Request received: GET /teams/get-all-teams/?page=1&size=10
[2024-06-24T12:51:44.494] [DEBUG] default - Request received: GET /teams/get-all-teams/?page=1&size=10
[2024-06-24T12:51:49.874] [DEBUG] default - Request received: GET /teams/get-all-teams/?page=1&size=10
[2024-06-24T12:52:01.149] [DEBUG] default - Request received: GET /teams/get-all-teams/?page=1&size=10
[2024-06-24T12:52:17.757] [DEBUG] default - Request received: GET /teams/get-all-teams/?page=1&size=10
[2024-06-24T12:52:30.012] [DEBUG] default - Request received: GET /teams/get-all-teams/?page=1&size=10
[2024-06-24T12:52:47.117] [DEBUG] default - Request received: GET /teams/get-all-teams/?page=1&size=10
[2024-06-24T12:52:55.147] [DEBUG] default - Request received: GET /teams/get-all-teams/?page=1&size=10
[2024-06-24T12:52:55.419] [DEBUG] default - Request received: GET /teams/get-all-teams/?page=1&size=10
[2024-06-24T12:55:26.193] [DEBUG] default - Request received: GET /teams/get-all-teams/?page=1&size=10
[2024-06-24T12:55:26.698] [DEBUG] default - Request received: GET /teams/get-all-teams/?page=1&size=10
[2024-06-24T12:55:27.142] [DEBUG] default - Request received: GET /teams/get-all-teams/?page=1&size=10
[2024-06-24T12:56:13.184] [DEBUG] default - Request received: GET /teams/get-all-teams/?page=1&size=10
[2024-06-24T12:56:13.583] [DEBUG] default - Request received: GET /teams/get-all-teams/?page=1&size=10
[2024-06-24T12:56:13.944] [DEBUG] default - Request received: GET /teams/get-all-teams/?page=1&size=10
[2024-06-24T12:56:35.970] [DEBUG] default - Request received: GET /teams/get-all-teams/?page=1&size=10
[2024-06-24T12:56:37.703] [DEBUG] default - Request received: GET /teams/get-all-teams/?page=1&size=10
[2024-06-24T12:56:37.993] [DEBUG] default - Request received: GET /teams/get-all-teams/?page=1&size=10
[2024-06-24T12:56:45.701] [DEBUG] default - Request received: GET /teams/get-all-teams/?page=1&size=10
[2024-06-24T12:56:58.607] [DEBUG] default - Request received: GET /teams/get-all-teams/?page=1&size=10
[2024-06-24T12:57:00.247] [DEBUG] default - Request received: GET /teams/get-all-teams/?page=1&size=10
[2024-06-24T12:57:00.566] [DEBUG] default - Request received: GET /teams/get-all-teams/?page=1&size=10
[2024-06-24T12:57:11.186] [DEBUG] default - Request received: GET /teams/get-all-teams/?page=1&size=10
[2024-06-24T12:57:36.547] [DEBUG] default - Request received: GET /teams/get-all-teams/?page=1&size=10
[2024-06-24T12:57:46.124] [DEBUG] default - Request received: GET /teams/get-all-teams/?page=1&size=10
[2024-06-24T12:58:12.233] [DEBUG] default - Request received: GET /teams/get-all-teams/?page=1&size=10
[2024-06-24T12:59:18.176] [DEBUG] default - Request received: GET /teams/get-all-teams/?page=undefined&size=undefined
[2024-06-24T12:59:32.791] [DEBUG] default - Request received: GET /teams/get-all-teams/?page=1&size=10
[2024-06-24T12:59:41.796] [DEBUG] default - Request received: GET /teams/get-all-teams/?page=1&size=10
[2024-06-24T13:00:15.080] [DEBUG] default - Request received: GET /teams/get-all-teams/?page=1&size=10
[2024-06-24T13:00:18.504] [DEBUG] default - Request received: GET /teams/get-all-teams/?page=1&size=10
[2024-06-24T13:00:18.848] [DEBUG] default - Request received: GET /teams/get-all-teams/?page=1&size=10
[2024-06-24T13:01:16.685] [DEBUG] default - Request received: GET /teams/get-all-teams/?page=1&size=10
[2024-06-24T13:01:23.348] [DEBUG] default - Request received: GET /teams/get-all-teams/?page=1&size=10
[2024-06-24T13:01:30.343] [DEBUG] default - Request received: GET /teams/get-all-teams/?page=1&size=10
[2024-06-24T13:01:40.353] [DEBUG] default - Request received: GET /teams/get-all-teams/?page=1&size=10
[2024-06-24T13:02:06.707] [DEBUG] default - Request received: GET /teams/get-all-teams/?page=1&size=10
[2024-06-24T13:02:07.128] [DEBUG] default - Request received: GET /teams/get-all-teams/?page=1&size=10
[2024-06-24T13:02:37.309] [DEBUG] default - Request received: GET /teams/get-all-teams/?page=1&size=10
[2024-06-24T13:03:22.162] [DEBUG] default - Request received: GET /teams/get-all-teams/?page=1&size=10
[2024-06-24T13:03:28.472] [DEBUG] default - Request received: GET /teams/get-all-teams/?page=1&size=10
[2024-06-24T13:03:35.649] [DEBUG] default - Request received: GET /teams/get-all-teams/?page=1&size=10
[2024-06-24T13:03:35.948] [DEBUG] default - Request received: GET /teams/get-all-teams/?page=1&size=10
[2024-06-24T13:03:37.562] [DEBUG] default - Request received: GET /teams/get-all-teams/?page=1&size=10
[2024-06-24T13:03:40.170] [DEBUG] default - Request received: GET /teams/get-all-teams/?page=1&size=10
[2024-06-24T13:03:40.453] [DEBUG] default - Request received: GET /teams/get-all-teams/?page=1&size=10
[2024-06-24T13:03:52.160] [DEBUG] default - Request received: GET /teams/get-all-teams/?page=1&size=10
[2024-06-24T13:03:58.779] [DEBUG] default - Request received: GET /teams/get-all-teams/?page=1&size=10
[2024-06-24T13:04:22.594] [DEBUG] default - Request received: GET /teams/get-all-teams/?page=1&size=10
[2024-06-24T13:04:57.204] [DEBUG] default - Request received: GET /teams/get-all-teams/?page=1&size=10
[2024-06-24T13:05:03.239] [DEBUG] default - Request received: GET /teams/get-all-teams/?page=1&size=10
[2024-06-24T13:05:08.298] [DEBUG] default - Request received: GET /teams/get-all-teams/?page=undefined&size=undefined
[2024-06-24T13:05:17.906] [DEBUG] default - Request received: GET /teams/get-all-teams/?page=undefined&size=undefined
[2024-06-24T13:05:35.548] [DEBUG] default - Request received: GET /teams/get-all-teams/?page=undefined&size=undefined
[2024-06-24T13:05:42.396] [DEBUG] default - Request received: GET /teams/get-all-teams/?page=undefined&size=undefined
[2024-06-24T13:05:56.821] [DEBUG] default - Request received: GET /teams/get-all-teams/?page=[object%20Object]&size=undefined
[2024-06-24T13:06:09.245] [DEBUG] default - Request received: GET /teams/get-all-teams/?page=[object%20Object]&size=[object%20Object]
[2024-06-24T13:06:26.111] [DEBUG] default - Request received: GET /teams/get-all-teams/?page=1&size=[object%20Object]
[2024-06-24T13:06:57.548] [DEBUG] default - Request received: GET /teams/get-all-teams/?page=1&size=10
[2024-06-24T13:07:10.969] [DEBUG] default - Request received: GET /teams/get-all-teams/?page=1&size=10
[2024-06-24T13:07:16.529] [DEBUG] default - Request received: GET /teams/get-all-teams/?page=1&size=10
[2024-06-24T13:07:22.946] [DEBUG] default - Request received: GET /teams/get-all-teams/?page=1&size=10
[2024-06-24T13:07:40.450] [DEBUG] default - Request received: GET /teams/get-all-teams/?page=1&size=10
[2024-06-24T13:07:47.011] [DEBUG] default - Request received: GET /teams/get-all-teams/?page=1&size=10
[2024-06-24T13:07:52.147] [DEBUG] default - Request received: GET /teams/get-all-teams/?page=1&size=10
[2024-06-24T13:07:59.859] [DEBUG] default - Request received: GET /teams/get-all-teams/?page=1&size=10
[2024-06-24T13:08:32.605] [DEBUG] default - Request received: GET /teams/get-all-teams/?page=1&size=10
[2024-06-24T13:08:42.513] [DEBUG] default - Request received: GET /teams/get-all-teams/?page=1&size=10
[2024-06-24T13:08:49.816] [DEBUG] default - Request received: GET /teams/get-all-teams/?page=1&size=10
[2024-06-24T13:09:03.672] [DEBUG] default - Request received: GET /teams/get-all-teams/?page=1&size=10
[2024-06-24T13:14:44.973] [DEBUG] default - Request received: GET /teams/get-all-teams/?page=1&size=10
[2024-06-24T13:15:27.155] [DEBUG] default - Request received: GET /teams/get-all-teams/?page=1&size=10
[2024-06-24T13:15:52.776] [DEBUG] default - Request received: GET /teams/get-all-teams/?page=1&size=10
[2024-06-24T13:16:15.496] [DEBUG] default - Request received: GET /teams/get-all-teams/?page=1&size=10
[2024-06-24T13:24:41.874] [DEBUG] default - Request received: GET /teams/get-all-teams/?page=1&size=10
[2024-06-24T13:24:42.160] [DEBUG] default - Request received: GET /teams/get-all-teams/?page=1&size=10
[2024-06-24T13:24:51.036] [DEBUG] default - Request received: GET /teams/get-all-teams/?page=1&size=10
[2024-06-24T13:24:56.578] [DEBUG] default - Request received: GET /teams/get-all-teams/?page=1&size=10
[2024-06-24T13:25:10.987] [DEBUG] default - Request received: GET /teams/get-all-teams/?page=1&size=10
[2024-06-24T13:27:07.444] [DEBUG] default - Request received: GET /teams/get-all-teams/?page=1&size=10
[2024-06-24T13:27:30.644] [DEBUG] default - Request received: GET /teams/get-all-teams/?page=1&size=10
[2024-06-24T13:27:35.551] [DEBUG] default - Request received: GET /teams/get-all-teams/?page=1&size=10
[2024-06-24T13:27:35.882] [DEBUG] default - Request received: GET /teams/get-all-teams/?page=1&size=10
[2024-06-24T13:27:36.352] [DEBUG] default - Request received: GET /teams/get-all-teams/?page=1&size=10
[2024-06-24T13:27:36.621] [DEBUG] default - Request received: GET /teams/get-all-teams/?page=1&size=10
[2024-06-24T13:27:37.762] [DEBUG] default - Request received: GET /teams/get-all-teams/?page=1&size=10
[2024-06-24T13:27:40.183] [DEBUG] default - Request received: GET /teams/get-all-teams/?page=1&size=10
[2024-06-24T13:27:40.453] [DEBUG] default - Request received: GET /teams/get-all-teams/?page=1&size=10
[2024-06-24T13:27:42.072] [DEBUG] default - Request received: GET /teams/get-all-teams/?page=1&size=10
[2024-06-24T13:27:42.317] [DEBUG] default - Request received: GET /teams/get-all-teams/?page=1&size=10
[2024-06-24T13:27:42.727] [DEBUG] default - Request received: GET /teams/get-all-teams/?page=1&size=10
[2024-06-24T13:27:42.987] [DEBUG] default - Request received: GET /teams/get-all-teams/?page=1&size=10
[2024-06-24T13:27:49.229] [DEBUG] default - Request received: GET /teams/get-all-teams/?page=1&size=10
[2024-06-24T13:28:09.782] [DEBUG] default - Request received: GET /teams/get-all-teams/?page=1&size=10
[2024-06-24T13:28:41.234] [DEBUG] default - Request received: GET /teams/get-all-teams/?page=1&size=10
[2024-06-24T13:28:57.630] [DEBUG] default - Request received: GET /teams/get-all-teams?page=1&size=10
[2024-06-24T13:29:02.978] [DEBUG] default - Request received: GET /teams/get-all-teams/?page=1&size=10
[2024-06-24T13:29:08.292] [DEBUG] default - Request received: GET /teams/get-all-teams/?page=1&size=10
[2024-06-24T13:29:18.080] [INFO] default - Server is running on port http://localhost:8080
[2024-06-24T13:29:36.175] [DEBUG] default - Request received: GET /teams/get-all-teams/?page=1&size=10
[2024-06-24T13:32:54.639] [INFO] default - Server is running on port http://localhost:8080
[2024-06-24T13:32:55.396] [DEBUG] default - Request received: GET /teams/get-all-teams?page=1&size=10
[2024-06-24T13:32:58.786] [DEBUG] default - Request received: GET /teams/get-all-teams/?page=1&size=10
[2024-06-24T13:34:02.244] [DEBUG] default - Request received: GET /teams/get-all-teams/?page=1&size=10
[2024-06-24T13:34:16.425] [DEBUG] default - Request received: GET /teams/get-all-teams/?page=1&size=10
[2024-06-24T13:45:31.447] [DEBUG] default - Request received: GET /teams/get-all-teams/?page=1&size=10
[2024-06-24T13:49:01.757] [INFO] default - Server is running on port http://localhost:8080
[2024-06-24T13:49:07.110] [INFO] default - Server is running on port http://localhost:8080
[2024-06-24T13:49:14.773] [INFO] default - Server is running on port http://localhost:8080
[2024-06-24T13:49:50.326] [DEBUG] default - Request received: GET /teams/get-photo/10.png
[2024-06-24T13:50:03.506] [INFO] default - Server is running on port http://localhost:8080
[2024-06-24T13:50:04.252] [DEBUG] default - Request received: GET /teams/get-photo/10.png
[2024-06-24T13:50:11.101] [INFO] default - Server is running on port http://localhost:8080
[2024-06-24T13:50:11.509] [DEBUG] default - Request received: GET /teams/get-photo/10.png
[2024-06-24T13:50:24.351] [INFO] default - Server is running on port http://localhost:8080
[2024-06-24T13:50:28.795] [INFO] default - Server is running on port http://localhost:8080
[2024-06-24T13:51:51.656] [DEBUG] default - Request received: GET /
[2024-06-24T13:51:51.657] [INFO] default - Handling / endpoint
[2024-06-24T13:52:42.607] [DEBUG] default - Request received: GET /teams/get-photo
[2024-06-24T13:52:54.409] [DEBUG] default - Request received: GET /teams/get-photo/5764.png
[2024-06-24T13:52:54.412] [DEBUG] default - Request received: GET /teams/get-photo/67.png
[2024-06-24T13:52:54.413] [DEBUG] default - Request received: GET /teams/get-photo/45.png
[2024-06-24T13:52:54.414] [DEBUG] default - Request received: GET /teams/get-photo/5536.png
[2024-06-24T13:52:54.416] [DEBUG] default - Request received: GET /teams/get-photo/6277.png
[2024-06-24T13:52:54.417] [DEBUG] default - Request received: GET /teams/get-photo/5490.png
[2024-06-24T13:52:54.418] [DEBUG] default - Request received: GET /teams/get-photo/48.png
[2024-06-24T13:52:54.420] [DEBUG] default - Request received: GET /teams/get-photo/5801.png
[2024-06-24T13:52:54.421] [DEBUG] default - Request received: GET /teams/get-photo/530.png
[2024-06-24T13:52:54.422] [DEBUG] default - Request received: GET /teams/get-photo/70.png
[2024-06-24T13:53:00.536] [DEBUG] default - Request received: GET /teams/get-all-teams/?page=1&size=10
[2024-06-24T13:53:01.869] [DEBUG] default - Request received: GET /teams/get-all-teams/?page=1&size=10
[2024-06-24T13:53:02.103] [DEBUG] default - Request received: GET /teams/get-all-teams/?page=1&size=10
[2024-06-24T13:53:02.119] [DEBUG] default - Request received: GET /teams/get-photo/5764.png
[2024-06-24T13:53:02.121] [DEBUG] default - Request received: GET /teams/get-photo/67.png
[2024-06-24T13:53:02.121] [DEBUG] default - Request received: GET /teams/get-photo/45.png
[2024-06-24T13:53:02.122] [DEBUG] default - Request received: GET /teams/get-photo/5536.png
[2024-06-24T13:53:02.122] [DEBUG] default - Request received: GET /teams/get-photo/6277.png
[2024-06-24T13:53:02.123] [DEBUG] default - Request received: GET /teams/get-photo/5490.png
[2024-06-24T13:53:02.124] [DEBUG] default - Request received: GET /teams/get-photo/48.png
[2024-06-24T13:53:02.125] [DEBUG] default - Request received: GET /teams/get-photo/5801.png
[2024-06-24T13:53:02.126] [DEBUG] default - Request received: GET /teams/get-photo/530.png
[2024-06-24T13:53:02.126] [DEBUG] default - Request received: GET /teams/get-photo/70.png
[2024-06-24T13:53:07.537] [DEBUG] default - Request received: GET /teams/get-all-teams/?page=1&size=10
[2024-06-24T13:53:24.189] [DEBUG] default - Request received: GET /teams/get-all-teams/?page=1&size=10
[2024-06-24T13:53:27.423] [DEBUG] default - Request received: GET /teams/get-all-teams/?page=1&size=10
[2024-06-24T13:53:27.689] [DEBUG] default - Request received: GET /teams/get-all-teams/?page=1&size=10
[2024-06-24T13:53:27.730] [DEBUG] default - Request received: GET /teams/get-photo/5764.png
[2024-06-24T13:53:27.732] [DEBUG] default - Request received: GET /teams/get-photo/67.png
[2024-06-24T13:53:27.732] [DEBUG] default - Request received: GET /teams/get-photo/45.png
[2024-06-24T13:53:27.733] [DEBUG] default - Request received: GET /teams/get-photo/5536.png
[2024-06-24T13:53:27.734] [DEBUG] default - Request received: GET /teams/get-photo/6277.png
[2024-06-24T13:53:27.734] [DEBUG] default - Request received: GET /teams/get-photo/5490.png
[2024-06-24T13:53:27.736] [DEBUG] default - Request received: GET /teams/get-photo/48.png
[2024-06-24T13:53:27.736] [DEBUG] default - Request received: GET /teams/get-photo/5801.png
[2024-06-24T13:53:27.737] [DEBUG] default - Request received: GET /teams/get-photo/530.png
[2024-06-24T13:53:27.738] [DEBUG] default - Request received: GET /teams/get-photo/70.png
[2024-06-24T13:53:41.421] [DEBUG] default - Request received: GET /teams/get-all-teams/?page=1&size=10
[2024-06-24T13:53:53.452] [DEBUG] default - Request received: GET /teams/get-photo/48.png
[2024-06-24T13:53:55.149] [DEBUG] default - Request received: GET /teams/get-all-teams/?page=1&size=10
[2024-06-24T13:54:06.302] [DEBUG] default - Request received: GET /teams/get-photo/48.png
[2024-06-24T13:54:06.811] [DEBUG] default - Request received: GET /teams/get-all-teams/?page=1&size=10
[2024-06-24T13:54:11.249] [INFO] default - Server is running on port http://localhost:8080
[2024-06-24T13:54:13.417] [DEBUG] default - Request received: GET /teams/get-all-teams/?page=1&size=10
[2024-06-24T13:54:15.474] [DEBUG] default - Request received: GET /teams/get-team-logo/5764.png
[2024-06-24T13:54:15.476] [DEBUG] default - Request received: GET /teams/get-team-logo/67.png
[2024-06-24T13:54:15.478] [DEBUG] default - Request received: GET /teams/get-team-logo/45.png
[2024-06-24T13:54:15.499] [DEBUG] default - Request received: GET /teams/get-team-logo/5536.png
[2024-06-24T13:54:15.511] [DEBUG] default - Request received: GET /teams/get-team-logo/6277.png
[2024-06-24T13:54:15.516] [DEBUG] default - Request received: GET /teams/get-team-logo/5490.png
[2024-06-24T13:54:15.519] [DEBUG] default - Request received: GET /teams/get-team-logo/48.png
[2024-06-24T13:54:15.538] [DEBUG] default - Request received: GET /teams/get-team-logo/5801.png
[2024-06-24T13:54:15.540] [DEBUG] default - Request received: GET /teams/get-team-logo/530.png
[2024-06-24T13:54:15.547] [DEBUG] default - Request received: GET /teams/get-team-logo/70.png
[2024-06-24T14:00:31.564] [DEBUG] default - Request received: GET /teams/get-all-teams/?page=1&size=10
[2024-06-24T14:00:47.962] [DEBUG] default - Request received: GET /teams/get-all-teams/?page=1&size=10
[2024-06-24T14:02:11.250] [DEBUG] default - Request received: GET /teams/get-all-teams/?page=1&size=10
[2024-06-24T14:12:21.237] [DEBUG] default - Request received: GET /teams/get-all-teams/?page=1&size=10
[2024-06-24T14:17:16.260] [INFO] default - Server is running on port http://localhost:8080
[2024-06-24T14:33:01.641] [INFO] default - Server is running on port http://localhost:8080
[2024-06-24T14:37:23.361] [INFO] default - Server is running on port http://localhost:8080
